Already on 'power-balance'
Your branch is up to date with 'origin/power-balance'.
Your configuration specifies to merge with the ref 'refs/heads/power-balance'
from the remote, but no such ref was fetched.
-- The CXX compiler identification is Clang 12.0.0
-- Cray Programming Environment 2.7.6 CXX
-- Detecting CXX compiler ABI info
-- Detecting CXX compiler ABI info - done
-- Check for working CXX compiler: /opt/cray/pe/craype/2.7.6/bin/CC - skipped
-- Detecting CXX compile features
-- Detecting CXX compile features - done
-- Submodule update
-- Git revision: 54aaeae73ab791b56a36edc735f52d5576a9d694
-- Found MPI_CXX: /opt/cray/pe/craype/2.7.6/bin/CC (found suitable exact version "3.1") 
-- Found MPI: TRUE (found suitable exact version "3.1")  
-- Found netCDF: /opt/cray/pe/netcdf-hdf5parallel/4.7.4.3/crayclang/9.1/lib/libnetcdf.so (found version "4.7.4") 
-- Found netCDFCxx version 4.3.1
-- Found netCDFCxx: /opt/cray/pe/netcdf-hdf5parallel/4.7.4.3/crayclang/9.1/lib/libnetcdf_c++4.so (found suitable version "4.3.1", minimum required is "4.3.1") 
-- Found FFTW: /opt/cray/pe/fftw/3.3.8.11/x86_rome/lib/libfftw3.so  
-- Looking for sgemm_
-- Looking for sgemm_ - found
-- Found BLAS: 1  
-- Looking for C++ include pthread.h
-- Looking for C++ include pthread.h - found
-- Performing Test CMAKE_HAVE_LIBC_PTHREAD
-- Performing Test CMAKE_HAVE_LIBC_PTHREAD - Success
-- Found Threads: TRUE  
-- Looking for cheev_
-- Looking for cheev_ - found
-- Found LAPACK: LAPACK_LIBRARIES-PLACEHOLDER-FOR-EMPTY-LIBRARIES  
-- Found MPI_CXX: /opt/cray/pe/craype/2.7.6/bin/CC (found version "3.1") 
-- Found MPI: TRUE (found version "3.1")  
-- petsc_lib_dir /mnt/lustre/a2fs-work2/work/e281/e281/mkryjak/BOUT-966bde0/dependencies/petsc-build/lib
-- Recognized PETSc install with single library for all packages
-- PETSc test with : /work/e281/e281/mkryjak/BOUT-966bde0/dependencies/petsc-build/include;/work/e281/e281/mkryjak/BOUT-966bde0/dependencies/petsc-build/include; /work/e281/e281/mkryjak/BOUT-966bde0/dependencies/petsc-build/lib/libpetsc.so;
-- Performing Test MULTIPASS_TEST_1_petsc_works_minimal
-- Performing Test MULTIPASS_TEST_1_petsc_works_minimal - Success
-- Minimal PETSc includes and libraries work.  This probably means we are building with shared libs.
-- Found PETSc: /work/e281/e281/mkryjak/BOUT-966bde0/dependencies/petsc-build/include;/work/e281/e281/mkryjak/BOUT-966bde0/dependencies/petsc-build/include (found suitable version "3.17.4", minimum required is "3.17.4") 
-- Found Gettext: /usr/bin/msgmerge (found version "0.19.8.1") 
-- Found Intl: built in to C library  
CMake Deprecation Warning at external/googletest/CMakeLists.txt:4 (cmake_minimum_required):
  Compatibility with CMake < 2.8.12 will be removed from a future version of
  CMake.

  Update the VERSION argument <min> value or use a ...<max> suffix to tell
  CMake that the project does not need compatibility with older versions.


-- The C compiler identification is Clang 12.0.0
-- Cray Programming Environment 2.7.6 C
-- Detecting C compiler ABI info
-- Detecting C compiler ABI info - done
-- Check for working C compiler: /opt/cray/pe/craype/2.7.6/bin/cc - skipped
-- Detecting C compile features
-- Detecting C compile features - done
CMake Deprecation Warning at external/googletest/googlemock/CMakeLists.txt:45 (cmake_minimum_required):
  Compatibility with CMake < 2.8.12 will be removed from a future version of
  CMake.

  Update the VERSION argument <min> value or use a ...<max> suffix to tell
  CMake that the project does not need compatibility with older versions.


CMake Deprecation Warning at external/googletest/googletest/CMakeLists.txt:56 (cmake_minimum_required):
  Compatibility with CMake < 2.8.12 will be removed from a future version of
  CMake.

  Update the VERSION argument <min> value or use a ...<max> suffix to tell
  CMake that the project does not need compatibility with older versions.


-- Found PythonInterp: /opt/cray/pe/python/3.8.5.0/bin/python (found version "3.8.5") 
-- Configuring done
-- Generating done
-- Build files have been written to: /work/e281/e281/mkryjak/hermes-3/power-balance
[  1%] Building CXX object external/googletest/googletest/CMakeFiles/gtest.dir/src/gtest-all.cc.o
[  3%] Building CXX object CMakeFiles/hermes-3-lib.dir/src/component_scheduler.cxx.o
[  5%] Building CXX object CMakeFiles/hermes-3-lib.dir/src/component.cxx.o
[  7%] Building CXX object CMakeFiles/hermes-3-lib.dir/src/ionisation.cxx.o
[ 10%] Building CXX object CMakeFiles/hermes-3-lib.dir/src/div_ops.cxx.o
[ 10%] Building CXX object CMakeFiles/hermes-3-lib.dir/src/radiation.cxx.o
[ 10%] Building CXX object CMakeFiles/hermes-3-lib.dir/src/loadmetric.cxx.o
[ 10%] Building CXX object CMakeFiles/hermes-3-lib.dir/src/neutral_mixed.cxx.o
[ 11%] Building CXX object CMakeFiles/hermes-3-lib.dir/src/full_velocity.cxx.o
[ 12%] Building CXX object CMakeFiles/hermes-3-lib.dir/src/electromagnetic.cxx.o
[ 13%] Building CXX object CMakeFiles/hermes-3-lib.dir/src/electron_force_balance.cxx.o
[ 15%] Building CXX object CMakeFiles/hermes-3-lib.dir/src/evolve_density.cxx.o
[ 16%] Building CXX object CMakeFiles/hermes-3-lib.dir/src/vorticity.cxx.o
[ 17%] Building CXX object CMakeFiles/hermes-3-lib.dir/src/evolve_pressure.cxx.o
[ 18%] Building CXX object CMakeFiles/hermes-3-lib.dir/src/evolve_momentum.cxx.o
[ 20%] Building CXX object CMakeFiles/hermes-3-lib.dir/src/isothermal.cxx.o
[ 21%] Building CXX object CMakeFiles/hermes-3-lib.dir/src/quasineutral.cxx.o
[ 22%] Building CXX object CMakeFiles/hermes-3-lib.dir/src/diamagnetic_drift.cxx.o
[ 24%] Building CXX object CMakeFiles/hermes-3-lib.dir/src/relax_potential.cxx.o
[ 25%] Building CXX object CMakeFiles/hermes-3-lib.dir/src/sheath_closure.cxx.o
[ 26%] Building CXX object CMakeFiles/hermes-3-lib.dir/src/sheath_boundary.cxx.o
[ 27%] Building CXX object CMakeFiles/hermes-3-lib.dir/src/sheath_boundary_simple.cxx.o
[ 29%] Building CXX object CMakeFiles/hermes-3-lib.dir/src/sheath_boundary_insulating.cxx.o
[ 30%] Building CXX object CMakeFiles/hermes-3-lib.dir/src/snb_conduction.cxx.o
[ 31%] Building CXX object CMakeFiles/hermes-3-lib.dir/src/fixed_fraction_ions.cxx.o
[ 32%] Building CXX object CMakeFiles/hermes-3-lib.dir/src/sound_speed.cxx.o
[ 34%] Building CXX object CMakeFiles/hermes-3-lib.dir/src/zero_current.cxx.o
[ 35%] Linking CXX static library ../../../lib/libgtest.a
[ 35%] Built target gtest
[ 36%] Building CXX object external/googletest/googlemock/CMakeFiles/gmock.dir/src/gmock-all.cc.o
[ 37%] Building CXX object CMakeFiles/hermes-3-lib.dir/src/collisions.cxx.o
[ 39%] Building CXX object external/googletest/googletest/CMakeFiles/gtest_main.dir/src/gtest_main.cc.o
[ 41%] Building CXX object CMakeFiles/hermes-3-lib.dir/src/anomalous_diffusion.cxx.o
[ 41%] Linking CXX static library ../../../lib/libgtest_main.a
[ 41%] Built target gtest_main
[ 43%] Building CXX object CMakeFiles/hermes-3-lib.dir/src/recycling.cxx.o
[ 44%] Building CXX object CMakeFiles/hermes-3-lib.dir/src/amjuel_hyd_ionisation.cxx.o
[ 45%] Building CXX object CMakeFiles/hermes-3-lib.dir/src/amjuel_hyd_recombination.cxx.o
[ 46%] Building CXX object CMakeFiles/hermes-3-lib.dir/src/amjuel_helium.cxx.o
[ 48%] Building CXX object CMakeFiles/hermes-3-lib.dir/src/adas_reaction.cxx.o
[ 49%] Linking CXX static library ../../../lib/libgmock.a
[ 49%] Built target gmock
[ 50%] Building CXX object CMakeFiles/hermes-3-lib.dir/src/noflow_boundary.cxx.o
[ 51%] Building CXX object external/googletest/googlemock/CMakeFiles/gmock_main.dir/src/gmock_main.cc.o
[ 53%] Building CXX object CMakeFiles/hermes-3-lib.dir/src/neutral_parallel_diffusion.cxx.o
[ 54%] Building CXX object CMakeFiles/hermes-3-lib.dir/src/neutral_boundary.cxx.o
[ 55%] Building CXX object CMakeFiles/hermes-3-lib.dir/src/polarisation_drift.cxx.o
[ 56%] Linking CXX static library ../../../lib/libgmock_main.a
[ 56%] Built target gmock_main
[ 58%] Building CXX object CMakeFiles/hermes-3-lib.dir/src/solkit_neutral_parallel_diffusion.cxx.o
[ 59%] Building CXX object CMakeFiles/hermes-3-lib.dir/src/hydrogen_charge_exchange.cxx.o
[ 60%] Building CXX object CMakeFiles/hermes-3-lib.dir/src/solkit_hydrogen_charge_exchange.cxx.o
[ 62%] Building CXX object CMakeFiles/hermes-3-lib.dir/src/upstream_density_feedback.cxx.o
[ 63%] Building CXX object CMakeFiles/hermes-3-lib.dir/src/thermal_force.cxx.o
[ 64%] Building CXX object CMakeFiles/hermes-3-lib.dir/src/ion_viscosity.cxx.o
[ 65%] Building CXX object CMakeFiles/hermes-3-lib.dir/src/transform.cxx.o
[ 67%] Linking CXX static library libhermes-3-lib.a
[ 67%] Built target hermes-3-lib
[ 68%] Building CXX object CMakeFiles/hermes-3.dir/hermes-3.cxx.o
[ 70%] Building CXX object CMakeFiles/hermes_unit_tests.dir/tests/unit/main.cxx.o
[ 73%] Building CXX object CMakeFiles/hermes_unit_tests.dir/tests/unit/test_amjuel_hyd_recombination.cxx.o
[ 74%] Building CXX object CMakeFiles/hermes_unit_tests.dir/tests/unit/test_anomalous_diffusion.cxx.o
[ 74%] Building CXX object CMakeFiles/hermes_unit_tests.dir/tests/unit/test_collisions.cxx.o
[ 77%] Building CXX object CMakeFiles/hermes_unit_tests.dir/tests/unit/test_component.cxx.o
[ 77%] Building CXX object CMakeFiles/hermes_unit_tests.dir/tests/unit/test_component_scheduler.cxx.o
[ 77%] Building CXX object CMakeFiles/hermes_unit_tests.dir/tests/unit/test_diamagnetic_drift.cxx.o
[ 78%] Building CXX object CMakeFiles/hermes_unit_tests.dir/tests/unit/test_electron_force_balance.cxx.o
[ 79%] Building CXX object CMakeFiles/hermes_unit_tests.dir/tests/unit/test_extras.cxx.o
[ 81%] Building CXX object CMakeFiles/hermes_unit_tests.dir/tests/unit/test_fixed_density.cxx.o
[ 82%] Building CXX object CMakeFiles/hermes_unit_tests.dir/tests/unit/test_fixed_fraction_ions.cxx.o
[ 83%] Building CXX object CMakeFiles/hermes_unit_tests.dir/tests/unit/test_fixed_velocity.cxx.o
[ 84%] Building CXX object CMakeFiles/hermes_unit_tests.dir/tests/unit/test_hydrogen_charge_exchange.cxx.o
[ 86%] Building CXX object CMakeFiles/hermes_unit_tests.dir/tests/unit/test_integrate.cxx.o
[ 87%] Building CXX object CMakeFiles/hermes_unit_tests.dir/tests/unit/test_ionisation.cxx.o
[ 88%] Building CXX object CMakeFiles/hermes_unit_tests.dir/tests/unit/test_isothermal.cxx.o
[ 89%] Building CXX object CMakeFiles/hermes_unit_tests.dir/tests/unit/test_noflow_boundary.cxx.o
[ 91%] Building CXX object CMakeFiles/hermes_unit_tests.dir/tests/unit/test_recycling.cxx.o
[ 92%] Building CXX object CMakeFiles/hermes_unit_tests.dir/tests/unit/test_sheath_boundary.cxx.o
[ 93%] Building CXX object CMakeFiles/hermes_unit_tests.dir/tests/unit/test_sheath_closure.cxx.o
[ 94%] Building CXX object CMakeFiles/hermes_unit_tests.dir/tests/unit/test_snb_conduction.cxx.o
[ 96%] Building CXX object CMakeFiles/hermes_unit_tests.dir/tests/unit/test_sound_speed.cxx.o
[ 97%] Building CXX object CMakeFiles/hermes_unit_tests.dir/tests/unit/test_zero_current.cxx.o
[ 98%] Linking CXX executable hermes_unit_tests
[ 98%] Built target hermes_unit_tests
[100%] Linking CXX executable hermes-3
[100%] Built target hermes-3
